+ export FI_MLX_ENABLE_SPAWN=yes
+ FI_MLX_ENABLE_SPAWN=yes
+ export MODEL_HOME=/scratch1/04119/pmoolcha/HDM
+ MODEL_HOME=/scratch1/04119/pmoolcha/HDM
+ export DG_HOME=/scratch1/04119/pmoolcha/HDM/dentate
+ DG_HOME=/scratch1/04119/pmoolcha/HDM/dentate
+ export LD_PRELOAD=/opt/intel/compilers_and_libraries_2020.1.217/linux/mkl/lib/intel64_lin/libmkl_core.so:/opt/intel/compilers_and_libraries_2020.1.217/linux/mkl/lib/intel64_lin/libmkl_sequential.so
+ LD_PRELOAD=/opt/intel/compilers_and_libraries_2020.1.217/linux/mkl/lib/intel64_lin/libmkl_core.so:/opt/intel/compilers_and_libraries_2020.1.217/linux/mkl/lib/intel64_lin/libmkl_sequential.so
+ export RAIKOVSCRATCH=/scratch1/03320/iraikov
+ RAIKOVSCRATCH=/scratch1/03320/iraikov
+ mkdir -p results/netclamp/MC_20210227
+ export nworkers=288
+ nworkers=288
+ test '' == ''
+ mpirun -rr -n 288 python3 optimize_selectivity.py -c Network_Clamp_GC_Exc_Sat_SLN_IN_Izh_extent.yaml -p MC -t 950 -g 1000000 --n-trials 1 --trial-regime mean --problem-regime every --nprocs-per-worker=1 --n-iter=3 --n-initial=400 --num-generations=200 --population-size=300 --resample-fraction 0.5 --template-paths /scratch1/04119/pmoolcha/HDM/dentate/templates:/home1/04119/pmoolcha/model/dgc/Mateos-Aparicio2014 --dataset-prefix /scratch1/03320/iraikov/striped/dentate --results-path /scratch1/03320/iraikov/dentate/results/netclamp/MC_20210227 --config-prefix config --param-config-name '' --selectivity-config-name CA3c --arena-id A --trajectory-id Diag --use-coreneuron --target-features-path /scratch1/03320/iraikov/striped/dentate/Slice/dentatenet_Full_Scale_GC_Exc_Sat_SLN_extent_arena_margin_20210106a_compressed.h5 --target-features-namespace 'Selectivity Features' --spike-events-path /scratch1/03320/iraikov/striped/dentate/Full_Scale_Control/DG_input_spike_trains_20200910_compressed.h5 --spike-events-namespace 'Input Spikes' --spike-events-t 'Spike Train'
(null): can't open file 'optimize_selectivity.py': [Errno 2] No such file or directory
(null): can't open file 'optimize_selectivity.py': [Errno 2] No such file or directory
(null): can't open file 'optimize_selectivity.py': [Errno 2] No such file or directory
(null): can't open file 'optimize_selectivity.py': [Errno 2] No such file or directory
(null): can't open file 'optimize_selectivity.py': [Errno 2] No such file or directory
(null): can't open file 'optimize_selectivity.py': [Errno 2] No such file or directory
(null): can't open file 'optimize_selectivity.py': [Errno 2] No such file or directory
(null): can't open file 'optimize_selectivity.py': [Errno 2] No such file or directory
(null): can't open file 'optimize_selectivity.py': [Errno 2] No such file or directory
(null): can't open file 'optimize_selectivity.py': [Errno 2] No such file or directory
(null): can't open file 'optimize_selectivity.py': [Errno 2] No such file or directory
(null): can't open file 'optimize_selectivity.py': [Errno 2] No such file or directory
(null): can't open file 'optimize_selectivity.py': [Errno 2] No such file or directory
(null): can't open file 'optimize_selectivity.py': [Errno 2] No such file or directory
(null): can't open file 'optimize_selectivity.py': [Errno 2] No such file or directory
(null): can't open file 'optimize_selectivity.py': [Errno 2] No such file or directory
(null): can't open file 'optimize_selectivity.py': [Errno 2] No such file or directory
(null): can't open file 'optimize_selectivity.py': [Errno 2] No such file or directory
(null): can't open file 'optimize_selectivity.py': [Errno 2] No such file or directory
(null): can't open file 'optimize_selectivity.py': [Errno 2] No such file or directory
(null): can't open file 'optimize_selectivity.py': [Errno 2] No such file or directory
(null): can't open file 'optimize_selectivity.py': [Errno 2] No such file or directory
(null): can't open file 'optimize_selectivity.py': [Errno 2] No such file or directory
(null): can't open file 'optimize_selectivity.py': [Errno 2] No such file or directory
(null): can't open file 'optimize_selectivity.py': [Errno 2] No such file or directory
(null): can't open file 'optimize_selectivity.py': [Errno 2] No such file or directory
(null): can't open file 'optimize_selectivity.py': [Errno 2] No such file or directory
(null): can't open file 'optimize_selectivity.py': [Errno 2] No such file or directory
(null): can't open file 'optimize_selectivity.py': [Errno 2] No such file or directory
(null): can't open file 'optimize_selectivity.py': [Errno 2] No such file or directory
(null): can't open file 'optimize_selectivity.py': [Errno 2] No such file or directory
(null): can't open file 'optimize_selectivity.py': [Errno 2] No such file or directory
(null): can't open file 'optimize_selectivity.py': [Errno 2] No such file or directory
(null): can't open file 'optimize_selectivity.py': [Errno 2] No such file or directory
(null): can't open file 'optimize_selectivity.py': [Errno 2] No such file or directory
(null): can't open file 'optimize_selectivity.py': [Errno 2] No such file or directory
(null): can't open file 'optimize_selectivity.py': [Errno 2] No such file or directory
(null): can't open file 'optimize_selectivity.py': [Errno 2] No such file or directory
(null): can't open file 'optimize_selectivity.py': [Errno 2] No such file or directory
(null): can't open file 'optimize_selectivity.py': [Errno 2] No such file or directory
(null): can't open file 'optimize_selectivity.py': [Errno 2] No such file or directory
(null): can't open file 'optimize_selectivity.py': [Errno 2] No such file or directory
(null): can't open file 'optimize_selectivity.py': [Errno 2] No such file or directory
(null): can't open file 'optimize_selectivity.py': [Errno 2] No such file or directory
(null): can't open file 'optimize_selectivity.py': [Errno 2] No such file or directory
(null): can't open file 'optimize_selectivity.py': [Errno 2] No such file or directory
(null): can't open file 'optimize_selectivity.py': [Errno 2] No such file or directory
(null): can't open file 'optimize_selectivity.py': [Errno 2] No such file or directory
(null): can't open file 'optimize_selectivity.py': [Errno 2] No such file or directory
(null): can't open file 'optimize_selectivity.py': [Errno 2] No such file or directory
(null): can't open file 'optimize_selectivity.py': [Errno 2] No such file or directory
(null): can't open file 'optimize_selectivity.py': [Errno 2] No such file or directory
(null): can't open file 'optimize_selectivity.py': [Errno 2] No such file or directory
(null): can't open file 'optimize_selectivity.py': [Errno 2] No such file or directory
(null): can't open file 'optimize_selectivity.py': [Errno 2] No such file or directory
(null): can't open file 'optimize_selectivity.py': [Errno 2] No such file or directory
(null): can't open file 'optimize_selectivity.py': [Errno 2] No such file or directory
(null): can't open file 'optimize_selectivity.py': [Errno 2] No such file or directory
(null): can't open file 'optimize_selectivity.py': [Errno 2] No such file or directory
(null): can't open file 'optimize_selectivity.py': [Errno 2] No such file or directory
(null): can't open file 'optimize_selectivity.py': [Errno 2] No such file or directory
(null): can't open file 'optimize_selectivity.py': [Errno 2] No such file or directory
(null): can't open file 'optimize_selectivity.py': [Errno 2] No such file or directory
(null): can't open file 'optimize_selectivity.py': [Errno 2] No such file or directory
(null): can't open file 'optimize_selectivity.py': [Errno 2] No such file or directory
(null): can't open file 'optimize_selectivity.py': [Errno 2] No such file or directory
(null): can't open file 'optimize_selectivity.py': [Errno 2] No such file or directory
(null): can't open file 'optimize_selectivity.py': [Errno 2] No such file or directory
(null): can't open file 'optimize_selectivity.py': [Errno 2] No such file or directory
(null): can't open file 'optimize_selectivity.py': [Errno 2] No such file or directory
(null): can't open file 'optimize_selectivity.py': [Errno 2] No such file or directory
(null): can't open file 'optimize_selectivity.py': [Errno 2] No such file or directory
(null): can't open file 'optimize_selectivity.py': [Errno 2] No such file or directory
(null): can't open file 'optimize_selectivity.py': [Errno 2] No such file or directory
(null): can't open file 'optimize_selectivity.py': [Errno 2] No such file or directory
(null): can't open file 'optimize_selectivity.py': [Errno 2] No such file or directory
(null): can't open file 'optimize_selectivity.py': [Errno 2] No such file or directory
(null): can't open file 'optimize_selectivity.py': [Errno 2] No such file or directory
(null): can't open file 'optimize_selectivity.py': [Errno 2] No such file or directory
(null): can't open file 'optimize_selectivity.py': [Errno 2] No such file or directory
(null): can't open file 'optimize_selectivity.py': [Errno 2] No such file or directory
(null): can't open file 'optimize_selectivity.py': [Errno 2] No such file or directory
(null): can't open file 'optimize_selectivity.py': [Errno 2] No such file or directory
(null): can't open file 'optimize_selectivity.py': [Errno 2] No such file or directory
(null): can't open file 'optimize_selectivity.py': [Errno 2] No such file or directory
(null): can't open file 'optimize_selectivity.py': [Errno 2] No such file or directory
(null): can't open file 'optimize_selectivity.py': [Errno 2] No such file or directory
(null): can't open file 'optimize_selectivity.py': [Errno 2] No such file or directory
(null): can't open file 'optimize_selectivity.py': [Errno 2] No such file or directory
(null): can't open file 'optimize_selectivity.py': [Errno 2] No such file or directory
(null): can't open file 'optimize_selectivity.py': [Errno 2] No such file or directory
(null): can't open file 'optimize_selectivity.py': [Errno 2] No such file or directory
(null): can't open file 'optimize_selectivity.py': [Errno 2] No such file or directory
(null): can't open file 'optimize_selectivity.py': [Errno 2] No such file or directory
(null): can't open file 'optimize_selectivity.py': [Errno 2] No such file or directory
(null): can't open file 'optimize_selectivity.py': [Errno 2] No such file or directory
(null): can't open file 'optimize_selectivity.py': [Errno 2] No such file or directory
(null): can't open file 'optimize_selectivity.py': [Errno 2] No such file or directory
(null): can't open file 'optimize_selectivity.py': [Errno 2] No such file or directory
(null): can't open file 'optimize_selectivity.py': [Errno 2] No such file or directory
(null): can't open file 'optimize_selectivity.py': [Errno 2] No such file or directory
(null): can't open file 'optimize_selectivity.py': [Errno 2] No such file or directory
(null): can't open file 'optimize_selectivity.py': [Errno 2] No such file or directory
(null): can't open file 'optimize_selectivity.py': [Errno 2] No such file or directory
(null): can't open file 'optimize_selectivity.py': [Errno 2] No such file or directory
(null): can't open file 'optimize_selectivity.py': [Errno 2] No such file or directory
(null): can't open file 'optimize_selectivity.py': [Errno 2] No such file or directory
(null): can't open file 'optimize_selectivity.py': [Errno 2] No such file or directory
(null): can't open file 'optimize_selectivity.py': [Errno 2] No such file or directory
(null): can't open file 'optimize_selectivity.py': [Errno 2] No such file or directory
(null): can't open file 'optimize_selectivity.py': [Errno 2] No such file or directory
(null): can't open file 'optimize_selectivity.py': [Errno 2] No such file or directory
(null): can't open file 'optimize_selectivity.py': [Errno 2] No such file or directory
(null): can't open file 'optimize_selectivity.py': [Errno 2] No such file or directory
(null): can't open file 'optimize_selectivity.py': [Errno 2] No such file or directory
(null): can't open file 'optimize_selectivity.py': [Errno 2] No such file or directory
(null): can't open file 'optimize_selectivity.py': [Errno 2] No such file or directory
(null): can't open file 'optimize_selectivity.py': [Errno 2] No such file or directory
(null): can't open file 'optimize_selectivity.py': [Errno 2] No such file or directory
(null): can't open file 'optimize_selectivity.py': [Errno 2] No such file or directory
(null): can't open file 'optimize_selectivity.py': [Errno 2] No such file or directory
(null): can't open file 'optimize_selectivity.py': [Errno 2] No such file or directory
(null): can't open file 'optimize_selectivity.py': [Errno 2] No such file or directory
(null): can't open file 'optimize_selectivity.py': [Errno 2] No such file or directory
(null): can't open file 'optimize_selectivity.py': [Errno 2] No such file or directory
(null): can't open file 'optimize_selectivity.py': [Errno 2] No such file or directory
(null): can't open file 'optimize_selectivity.py': [Errno 2] No such file or directory
(null): can't open file 'optimize_selectivity.py': [Errno 2] No such file or directory
(null): can't open file 'optimize_selectivity.py': [Errno 2] No such file or directory
(null): can't open file 'optimize_selectivity.py': [Errno 2] No such file or directory
(null): can't open file 'optimize_selectivity.py': [Errno 2] No such file or directory
(null): can't open file 'optimize_selectivity.py': [Errno 2] No such file or directory
(null): can't open file 'optimize_selectivity.py': [Errno 2] No such file or directory
(null): can't open file 'optimize_selectivity.py': [Errno 2] No such file or directory
(null): can't open file 'optimize_selectivity.py': [Errno 2] No such file or directory
(null): can't open file 'optimize_selectivity.py': [Errno 2] No such file or directory
(null): can't open file 'optimize_selectivity.py': [Errno 2] No such file or directory
(null): can't open file 'optimize_selectivity.py': [Errno 2] No such file or directory
(null): can't open file 'optimize_selectivity.py': [Errno 2] No such file or directory
(null): can't open file 'optimize_selectivity.py': [Errno 2] No such file or directory
(null): can't open file 'optimize_selectivity.py': [Errno 2] No such file or directory
(null): can't open file 'optimize_selectivity.py': [Errno 2] No such file or directory
(null): can't open file 'optimize_selectivity.py': [Errno 2] No such file or directory
(null): can't open file 'optimize_selectivity.py': [Errno 2] No such file or directory
(null): can't open file 'optimize_selectivity.py': [Errno 2] No such file or directory
(null): can't open file 'optimize_selectivity.py': [Errno 2] No such file or directory
(null): can't open file 'optimize_selectivity.py': [Errno 2] No such file or directory
(null): can't open file 'optimize_selectivity.py': [Errno 2] No such file or directory
(null): can't open file 'optimize_selectivity.py': [Errno 2] No such file or directory
(null): can't open file 'optimize_selectivity.py': [Errno 2] No such file or directory
(null): can't open file 'optimize_selectivity.py': [Errno 2] No such file or directory
(null): can't open file 'optimize_selectivity.py': [Errno 2] No such file or directory
(null): can't open file 'optimize_selectivity.py': [Errno 2] No such file or directory
(null): can't open file 'optimize_selectivity.py': [Errno 2] No such file or directory
(null): can't open file 'optimize_selectivity.py': [Errno 2] No such file or directory
(null): can't open file 'optimize_selectivity.py': [Errno 2] No such file or directory
(null): can't open file 'optimize_selectivity.py': [Errno 2] No such file or directory
(null): can't open file 'optimize_selectivity.py': [Errno 2] No such file or directory
(null): can't open file 'optimize_selectivity.py': [Errno 2] No such file or directory
(null): can't open file 'optimize_selectivity.py': [Errno 2] No such file or directory
(null): can't open file 'optimize_selectivity.py': [Errno 2] No such file or directory
(null): can't open file 'optimize_selectivity.py': [Errno 2] No such file or directory
(null): can't open file 'optimize_selectivity.py': [Errno 2] No such file or directory
(null): can't open file 'optimize_selectivity.py': [Errno 2] No such file or directory
(null): can't open file 'optimize_selectivity.py': [Errno 2] No such file or directory
(null): can't open file 'optimize_selectivity.py': [Errno 2] No such file or directory
(null): can't open file 'optimize_selectivity.py': [Errno 2] No such file or directory
(null): can't open file 'optimize_selectivity.py': [Errno 2] No such file or directory
(null): can't open file 'optimize_selectivity.py': [Errno 2] No such file or directory
(null): can't open file 'optimize_selectivity.py': [Errno 2] No such file or directory
(null): can't open file 'optimize_selectivity.py': [Errno 2] No such file or directory
(null): can't open file 'optimize_selectivity.py': [Errno 2] No such file or directory
(null): can't open file 'optimize_selectivity.py': [Errno 2] No such file or directory
(null): can't open file 'optimize_selectivity.py': [Errno 2] No such file or directory
(null): can't open file 'optimize_selectivity.py': [Errno 2] No such file or directory
(null): can't open file 'optimize_selectivity.py': [Errno 2] No such file or directory
(null): can't open file 'optimize_selectivity.py': [Errno 2] No such file or directory
(null): can't open file 'optimize_selectivity.py': [Errno 2] No such file or directory
(null): can't open file 'optimize_selectivity.py': [Errno 2] No such file or directory
(null): can't open file 'optimize_selectivity.py': [Errno 2] No such file or directory
(null): can't open file 'optimize_selectivity.py': [Errno 2] No such file or directory
(null): can't open file 'optimize_selectivity.py': [Errno 2] No such file or directory
(null): can't open file 'optimize_selectivity.py': [Errno 2] No such file or directory
(null): can't open file 'optimize_selectivity.py': [Errno 2] No such file or directory
(null): can't open file 'optimize_selectivity.py': [Errno 2] No such file or directory
(null): can't open file 'optimize_selectivity.py': [Errno 2] No such file or directory
(null): can't open file 'optimize_selectivity.py': [Errno 2] No such file or directory
(null): can't open file 'optimize_selectivity.py': [Errno 2] No such file or directory
(null): can't open file 'optimize_selectivity.py': [Errno 2] No such file or directory
(null): can't open file 'optimize_selectivity.py': [Errno 2] No such file or directory
(null): can't open file 'optimize_selectivity.py': [Errno 2] No such file or directory
(null): can't open file 'optimize_selectivity.py': [Errno 2] No such file or directory
(null): can't open file 'optimize_selectivity.py': [Errno 2] No such file or directory
(null): can't open file 'optimize_selectivity.py': [Errno 2] No such file or directory
(null): can't open file 'optimize_selectivity.py': [Errno 2] No such file or directory
(null): can't open file 'optimize_selectivity.py': [Errno 2] No such file or directory
(null): can't open file 'optimize_selectivity.py': [Errno 2] No such file or directory
(null): can't open file 'optimize_selectivity.py': [Errno 2] No such file or directory
(null): can't open file 'optimize_selectivity.py': [Errno 2] No such file or directory
(null): can't open file 'optimize_selectivity.py': [Errno 2] No such file or directory
(null): can't open file 'optimize_selectivity.py': [Errno 2] No such file or directory
(null): can't open file 'optimize_selectivity.py': [Errno 2] No such file or directory
(null): can't open file 'optimize_selectivity.py': [Errno 2] No such file or directory
(null): can't open file 'optimize_selectivity.py': [Errno 2] No such file or directory
(null): can't open file 'optimize_selectivity.py': [Errno 2] No such file or directory
(null): can't open file 'optimize_selectivity.py': [Errno 2] No such file or directory
(null): can't open file 'optimize_selectivity.py': [Errno 2] No such file or directory
(null): can't open file 'optimize_selectivity.py': [Errno 2] No such file or directory
(null): can't open file 'optimize_selectivity.py': [Errno 2] No such file or directory
(null): can't open file 'optimize_selectivity.py': [Errno 2] No such file or directory
(null): can't open file 'optimize_selectivity.py': [Errno 2] No such file or directory
(null): can't open file 'optimize_selectivity.py': [Errno 2] No such file or directory
(null): can't open file 'optimize_selectivity.py': [Errno 2] No such file or directory
(null): can't open file 'optimize_selectivity.py': [Errno 2] No such file or directory
(null): can't open file 'optimize_selectivity.py': [Errno 2] No such file or directory
(null): can't open file 'optimize_selectivity.py': [Errno 2] No such file or directory
(null): can't open file 'optimize_selectivity.py': [Errno 2] No such file or directory
(null): can't open file 'optimize_selectivity.py': [Errno 2] No such file or directory
(null): can't open file 'optimize_selectivity.py': [Errno 2] No such file or directory
(null): can't open file 'optimize_selectivity.py': [Errno 2] No such file or directory
(null): can't open file 'optimize_selectivity.py': [Errno 2] No such file or directory
(null): can't open file 'optimize_selectivity.py': [Errno 2] No such file or directory
(null): can't open file 'optimize_selectivity.py': [Errno 2] No such file or directory
(null): can't open file 'optimize_selectivity.py': [Errno 2] No such file or directory
(null): can't open file 'optimize_selectivity.py': [Errno 2] No such file or directory
(null): can't open file 'optimize_selectivity.py': [Errno 2] No such file or directory
(null): can't open file 'optimize_selectivity.py': [Errno 2] No such file or directory
(null): can't open file 'optimize_selectivity.py': [Errno 2] No such file or directory
(null): can't open file 'optimize_selectivity.py': [Errno 2] No such file or directory
(null): can't open file 'optimize_selectivity.py': [Errno 2] No such file or directory
(null): can't open file 'optimize_selectivity.py': [Errno 2] No such file or directory
(null): can't open file 'optimize_selectivity.py': [Errno 2] No such file or directory
(null): can't open file 'optimize_selectivity.py': [Errno 2] No such file or directory
(null): can't open file 'optimize_selectivity.py': [Errno 2] No such file or directory
